Gnuplot not found, using plotters backend
test jsonrpsee_types_v2_array_ref ... Criterion.rs ERROR: error: Failed to access file "/ci-cache/jsonrpsee/targets/master/benchmarks/criterion/jsonrpsee_types_v2_array_ref/base/sample.json": No such file or directory (os error 2)
bench:         274 ns/iter (+/- 1)

test jsonrpsee_types_v2_vec ... Criterion.rs ERROR: error: Failed to access file "/ci-cache/jsonrpsee/targets/master/benchmarks/criterion/jsonrpsee_types_v2_vec/base/sample.json": No such file or directory (os error 2)
bench:         310 ns/iter (+/- 1)

test sync/http_round_trip ... Criterion.rs ERROR: error: Failed to access file "/ci-cache/jsonrpsee/targets/master/benchmarks/criterion/sync_http_round_trip/base/sample.json": No such file or directory (os error 2)
bench:      195786 ns/iter (+/- 21958)

test sync/http_concurrent_round_trip/14 ... Criterion.rs ERROR: error: Failed to access file "/ci-cache/jsonrpsee/targets/master/benchmarks/criterion/sync_http_concurrent_round_trip/14/base/sample.json": No such file or directory (os error 2)
bench:      372794 ns/iter (+/- 11092)
test sync/http_concurrent_round_trip/28 ... Criterion.rs ERROR: error: Failed to access file "/ci-cache/jsonrpsee/targets/master/benchmarks/criterion/sync_http_concurrent_round_trip/28/base/sample.json": No such file or directory (os error 2)
bench:      545544 ns/iter (+/- 10979)
test sync/http_concurrent_round_trip/56 ... Criterion.rs ERROR: error: Failed to access file "/ci-cache/jsonrpsee/targets/master/benchmarks/criterion/sync_http_concurrent_round_trip/56/base/sample.json": No such file or directory (os error 2)
bench:      911377 ns/iter (+/- 20417)

Warning: Unable to complete 100 samples in 5.0s. You may wish to increase target time to 8.0s, enable flat sampling, or reduce sample count to 50.
test sync/http_concurrent_round_trip/112 ... Criterion.rs ERROR: error: Failed to access file "/ci-cache/jsonrpsee/targets/master/benchmarks/criterion/sync_http_concurrent_round_trip/112/base/sample.json": No such file or directory (os error 2)
bench:     1561615 ns/iter (+/- 24334)
test sync/http_concurrent_round_trip/224 ... Criterion.rs ERROR: error: Failed to access file "/ci-cache/jsonrpsee/targets/master/benchmarks/criterion/sync_http_concurrent_round_trip/224/base/sample.json": No such file or directory (os error 2)
bench:     2810544 ns/iter (+/- 42659)

test sync/http_concurrent_connections/2 ... Criterion.rs ERROR: error: Failed to access file "/ci-cache/jsonrpsee/targets/master/benchmarks/criterion/sync_http_concurrent_connections/2/base/sample.json": No such file or directory (os error 2)
bench:      357318 ns/iter (+/- 20788)
test sync/http_concurrent_connections/4 ... Criterion.rs ERROR: error: Failed to access file "/ci-cache/jsonrpsee/targets/master/benchmarks/criterion/sync_http_concurrent_connections/4/base/sample.json": No such file or directory (os error 2)
bench:      309686 ns/iter (+/- 18686)
test sync/http_concurrent_connections/8 ... Criterion.rs ERROR: error: Failed to access file "/ci-cache/jsonrpsee/targets/master/benchmarks/criterion/sync_http_concurrent_connections/8/base/sample.json": No such file or directory (os error 2)
bench:      347887 ns/iter (+/- 567479)

Warning: Unable to complete 100 samples in 5.0s. You may wish to increase target time to 5.1s, enable flat sampling, or reduce sample count to 70.
test sync/http_concurrent_connections/16 ... Criterion.rs ERROR: error: Failed to access file "/ci-cache/jsonrpsee/targets/master/benchmarks/criterion/sync_http_concurrent_connections/16/base/sample.json": No such file or directory (os error 2)
bench:      652247 ns/iter (+/- 915296)

Warning: Unable to complete 100 samples in 5.0s. You may wish to increase target time to 9.0s, enable flat sampling, or reduce sample count to 50.
test sync/http_concurrent_connections/32 ... Criterion.rs ERROR: error: Failed to access file "/ci-cache/jsonrpsee/targets/master/benchmarks/criterion/sync_http_concurrent_connections/32/base/sample.json": No such file or directory (os error 2)
bench:     1235778 ns/iter (+/- 1204082)
test sync/http_concurrent_connections/64 ... Criterion.rs ERROR: error: Failed to access file "/ci-cache/jsonrpsee/targets/master/benchmarks/criterion/sync_http_concurrent_connections/64/base/sample.json": No such file or directory (os error 2)
bench:     2284665 ns/iter (+/- 2121886)

test sync/http_batch_requests/2 ... Criterion.rs ERROR: error: Failed to access file "/ci-cache/jsonrpsee/targets/master/benchmarks/criterion/sync_http_batch_requests/2/base/sample.json": No such file or directory (os error 2)
bench:      198397 ns/iter (+/- 4324)
test sync/http_batch_requests/5 ... Criterion.rs ERROR: error: Failed to access file "/ci-cache/jsonrpsee/targets/master/benchmarks/criterion/sync_http_batch_requests/5/base/sample.json": No such file or directory (os error 2)
bench:      230116 ns/iter (+/- 1867)
test sync/http_batch_requests/10 ... Criterion.rs ERROR: error: Failed to access file "/ci-cache/jsonrpsee/targets/master/benchmarks/criterion/sync_http_batch_requests/10/base/sample.json": No such file or directory (os error 2)
bench:      272343 ns/iter (+/- 15161)
test sync/http_batch_requests/50 ... Criterion.rs ERROR: error: Failed to access file "/ci-cache/jsonrpsee/targets/master/benchmarks/criterion/sync_http_batch_requests/50/base/sample.json": No such file or directory (os error 2)
bench:      658333 ns/iter (+/- 4330)

Warning: Unable to complete 100 samples in 5.0s. You may wish to increase target time to 5.7s, enable flat sampling, or reduce sample count to 60.
test sync/http_batch_requests/100 ... Criterion.rs ERROR: error: Failed to access file "/ci-cache/jsonrpsee/targets/master/benchmarks/criterion/sync_http_batch_requests/100/base/sample.json": No such file or directory (os error 2)
bench:     1138076 ns/iter (+/- 44378)

test sync/ws_round_trip ... Criterion.rs ERROR: error: Failed to access file "/ci-cache/jsonrpsee/targets/master/benchmarks/criterion/sync_ws_round_trip/base/sample.json": No such file or directory (os error 2)
bench:       88425 ns/iter (+/- 13704)

test sync/ws_concurrent_round_trip/14 ... Criterion.rs ERROR: error: Failed to access file "/ci-cache/jsonrpsee/targets/master/benchmarks/criterion/sync_ws_concurrent_round_trip/14/base/sample.json": No such file or directory (os error 2)
bench:      424957 ns/iter (+/- 13325)
test sync/ws_concurrent_round_trip/28 ... Criterion.rs ERROR: error: Failed to access file "/ci-cache/jsonrpsee/targets/master/benchmarks/criterion/sync_ws_concurrent_round_trip/28/base/sample.json": No such file or directory (os error 2)
bench:      797608 ns/iter (+/- 22639)

Warning: Unable to complete 100 samples in 5.0s. You may wish to increase target time to 7.5s, enable flat sampling, or reduce sample count to 50.
test sync/ws_concurrent_round_trip/56 ... Criterion.rs ERROR: error: Failed to access file "/ci-cache/jsonrpsee/targets/master/benchmarks/criterion/sync_ws_concurrent_round_trip/56/base/sample.json": No such file or directory (os error 2)
bench:     1518263 ns/iter (+/- 50358)
test sync/ws_concurrent_round_trip/112 ... Criterion.rs ERROR: error: Failed to access file "/ci-cache/jsonrpsee/targets/master/benchmarks/criterion/sync_ws_concurrent_round_trip/112/base/sample.json": No such file or directory (os error 2)
bench:     2703840 ns/iter (+/- 48700)
test sync/ws_concurrent_round_trip/224 ... Criterion.rs ERROR: error: Failed to access file "/ci-cache/jsonrpsee/targets/master/benchmarks/criterion/sync_ws_concurrent_round_trip/224/base/sample.json": No such file or directory (os error 2)
bench:     5215948 ns/iter (+/- 166092)

test sync/ws_concurrent_connections/2 ... Criterion.rs ERROR: error: Failed to access file "/ci-cache/jsonrpsee/targets/master/benchmarks/criterion/sync_ws_concurrent_connections/2/base/sample.json": No such file or directory (os error 2)
bench:      157903 ns/iter (+/- 5440)
test sync/ws_concurrent_connections/4 ... Criterion.rs ERROR: error: Failed to access file "/ci-cache/jsonrpsee/targets/master/benchmarks/criterion/sync_ws_concurrent_connections/4/base/sample.json": No such file or directory (os error 2)
bench:      197991 ns/iter (+/- 9266)

Warning: Unable to complete 100 samples in 5.0s. You may wish to increase target time to 8.0s, enable flat sampling, or reduce sample count to 50.
test sync/ws_concurrent_connections/8 ... Criterion.rs ERROR: error: Failed to access file "/ci-cache/jsonrpsee/targets/master/benchmarks/criterion/sync_ws_concurrent_connections/8/base/sample.json": No such file or directory (os error 2)
bench:      306939 ns/iter (+/- 13838)
test sync/ws_concurrent_connections/16 ... Criterion.rs ERROR: error: Failed to access file "/ci-cache/jsonrpsee/targets/master/benchmarks/criterion/sync_ws_concurrent_connections/16/base/sample.json": No such file or directory (os error 2)
bench:      512853 ns/iter (+/- 17787)
test sync/ws_concurrent_connections/32 ... Criterion.rs ERROR: error: Failed to access file "/ci-cache/jsonrpsee/targets/master/benchmarks/criterion/sync_ws_concurrent_connections/32/base/sample.json": No such file or directory (os error 2)
bench:     1082751 ns/iter (+/- 51492)
test sync/ws_concurrent_connections/64 ... Criterion.rs ERROR: error: Failed to access file "/ci-cache/jsonrpsee/targets/master/benchmarks/criterion/sync_ws_concurrent_connections/64/base/sample.json": No such file or directory (os error 2)
bench:     2249484 ns/iter (+/- 88223)

test sync/ws_batch_requests/2 ... Criterion.rs ERROR: error: Failed to access file "/ci-cache/jsonrpsee/targets/master/benchmarks/criterion/sync_ws_batch_requests/2/base/sample.json": No such file or directory (os error 2)
bench:      115440 ns/iter (+/- 12472)
test sync/ws_batch_requests/5 ... Criterion.rs ERROR: error: Failed to access file "/ci-cache/jsonrpsee/targets/master/benchmarks/criterion/sync_ws_batch_requests/5/base/sample.json": No such file or directory (os error 2)
bench:      158052 ns/iter (+/- 16127)
test sync/ws_batch_requests/10 ... Criterion.rs ERROR: error: Failed to access file "/ci-cache/jsonrpsee/targets/master/benchmarks/criterion/sync_ws_batch_requests/10/base/sample.json": No such file or directory (os error 2)
bench:      222436 ns/iter (+/- 16515)
test sync/ws_batch_requests/50 ... Criterion.rs ERROR: error: Failed to access file "/ci-cache/jsonrpsee/targets/master/benchmarks/criterion/sync_ws_batch_requests/50/base/sample.json": No such file or directory (os error 2)
bench:      650258 ns/iter (+/- 16488)

Warning: Unable to complete 100 samples in 5.0s. You may wish to increase target time to 5.8s, enable flat sampling, or reduce sample count to 60.
test sync/ws_batch_requests/100 ... Criterion.rs ERROR: error: Failed to access file "/ci-cache/jsonrpsee/targets/master/benchmarks/criterion/sync_ws_batch_requests/100/base/sample.json": No such file or directory (os error 2)
bench:     1154653 ns/iter (+/- 34396)

test async/http_round_trip ... Criterion.rs ERROR: error: Failed to access file "/ci-cache/jsonrpsee/targets/master/benchmarks/criterion/async_http_round_trip/base/sample.json": No such file or directory (os error 2)
bench:      166404 ns/iter (+/- 1808)

test async/http_concurrent_round_trip/14 ... Criterion.rs ERROR: error: Failed to access file "/ci-cache/jsonrpsee/targets/master/benchmarks/criterion/async_http_concurrent_round_trip/14/base/sample.json": No such file or directory (os error 2)
bench:      354557 ns/iter (+/- 8319)
test async/http_concurrent_round_trip/28 ... Criterion.rs ERROR: error: Failed to access file "/ci-cache/jsonrpsee/targets/master/benchmarks/criterion/async_http_concurrent_round_trip/28/base/sample.json": No such file or directory (os error 2)
bench:      557267 ns/iter (+/- 12299)
test async/http_concurrent_round_trip/56 ... Criterion.rs ERROR: error: Failed to access file "/ci-cache/jsonrpsee/targets/master/benchmarks/criterion/async_http_concurrent_round_trip/56/base/sample.json": No such file or directory (os error 2)
bench:      930621 ns/iter (+/- 21836)

Warning: Unable to complete 100 samples in 5.0s. You may wish to increase target time to 8.1s, enable flat sampling, or reduce sample count to 50.
test async/http_concurrent_round_trip/112 ... Criterion.rs ERROR: error: Failed to access file "/ci-cache/jsonrpsee/targets/master/benchmarks/criterion/async_http_concurrent_round_trip/112/base/sample.json": No such file or directory (os error 2)
bench:     1605597 ns/iter (+/- 24305)
test async/http_concurrent_round_trip/224 ... Criterion.rs ERROR: error: Failed to access file "/ci-cache/jsonrpsee/targets/master/benchmarks/criterion/async_http_concurrent_round_trip/224/base/sample.json": No such file or directory (os error 2)
bench:     2803584 ns/iter (+/- 54100)

test async/http_concurrent_connections/2 ... Criterion.rs ERROR: error: Failed to access file "/ci-cache/jsonrpsee/targets/master/benchmarks/criterion/async_http_concurrent_connections/2/base/sample.json": No such file or directory (os error 2)
bench:      360500 ns/iter (+/- 15491)
test async/http_concurrent_connections/4 ... Criterion.rs ERROR: error: Failed to access file "/ci-cache/jsonrpsee/targets/master/benchmarks/criterion/async_http_concurrent_connections/4/base/sample.json": No such file or directory (os error 2)
bench:      315844 ns/iter (+/- 22850)
test async/http_concurrent_connections/8 ... Criterion.rs ERROR: error: Failed to access file "/ci-cache/jsonrpsee/targets/master/benchmarks/criterion/async_http_concurrent_connections/8/base/sample.json": No such file or directory (os error 2)
bench:      342962 ns/iter (+/- 633333)

Warning: Unable to complete 100 samples in 5.0s. You may wish to increase target time to 5.0s, enable flat sampling, or reduce sample count to 70.
test async/http_concurrent_connections/16 ... Criterion.rs ERROR: error: Failed to access file "/ci-cache/jsonrpsee/targets/master/benchmarks/criterion/async_http_concurrent_connections/16/base/sample.json": No such file or directory (os error 2)
bench:      650815 ns/iter (+/- 836331)

Warning: Unable to complete 100 samples in 5.0s. You may wish to increase target time to 9.0s, enable flat sampling, or reduce sample count to 50.
test async/http_concurrent_connections/32 ... Criterion.rs ERROR: error: Failed to access file "/ci-cache/jsonrpsee/targets/master/benchmarks/criterion/async_http_concurrent_connections/32/base/sample.json": No such file or directory (os error 2)
bench:     1256184 ns/iter (+/- 1240110)
test async/http_concurrent_connections/64 ... Criterion.rs ERROR: error: Failed to access file "/ci-cache/jsonrpsee/targets/master/benchmarks/criterion/async_http_concurrent_connections/64/base/sample.json": No such file or directory (os error 2)
bench:     2328822 ns/iter (+/- 2083691)

test async/http_batch_requests/2 ... Criterion.rs ERROR: error: Failed to access file "/ci-cache/jsonrpsee/targets/master/benchmarks/criterion/async_http_batch_requests/2/base/sample.json": No such file or directory (os error 2)
bench:      186771 ns/iter (+/- 2419)
test async/http_batch_requests/5 ... Criterion.rs ERROR: error: Failed to access file "/ci-cache/jsonrpsee/targets/master/benchmarks/criterion/async_http_batch_requests/5/base/sample.json": No such file or directory (os error 2)
bench:      219370 ns/iter (+/- 2419)
test async/http_batch_requests/10 ... Criterion.rs ERROR: error: Failed to access file "/ci-cache/jsonrpsee/targets/master/benchmarks/criterion/async_http_batch_requests/10/base/sample.json": No such file or directory (os error 2)
bench:      273324 ns/iter (+/- 14819)
test async/http_batch_requests/50 ... Criterion.rs ERROR: error: Failed to access file "/ci-cache/jsonrpsee/targets/master/benchmarks/criterion/async_http_batch_requests/50/base/sample.json": No such file or directory (os error 2)
bench:      712261 ns/iter (+/- 6771)

Warning: Unable to complete 100 samples in 5.0s. You may wish to increase target time to 6.4s, enable flat sampling, or reduce sample count to 60.
test async/http_batch_requests/100 ... Criterion.rs ERROR: error: Failed to access file "/ci-cache/jsonrpsee/targets/master/benchmarks/criterion/async_http_batch_requests/100/base/sample.json": No such file or directory (os error 2)
bench:     1240661 ns/iter (+/- 34544)

test async/ws_round_trip ... Criterion.rs ERROR: error: Failed to access file "/ci-cache/jsonrpsee/targets/master/benchmarks/criterion/async_ws_round_trip/base/sample.json": No such file or directory (os error 2)
bench:       80047 ns/iter (+/- 13718)

test async/ws_concurrent_round_trip/14 ... Criterion.rs ERROR: error: Failed to access file "/ci-cache/jsonrpsee/targets/master/benchmarks/criterion/async_ws_concurrent_round_trip/14/base/sample.json": No such file or directory (os error 2)
bench:      429209 ns/iter (+/- 8158)
test async/ws_concurrent_round_trip/28 ... Criterion.rs ERROR: error: Failed to access file "/ci-cache/jsonrpsee/targets/master/benchmarks/criterion/async_ws_concurrent_round_trip/28/base/sample.json": No such file or directory (os error 2)
bench:      729247 ns/iter (+/- 11816)

Warning: Unable to complete 100 samples in 5.0s. You may wish to increase target time to 6.9s, enable flat sampling, or reduce sample count to 50.
test async/ws_concurrent_round_trip/56 ... Criterion.rs ERROR: error: Failed to access file "/ci-cache/jsonrpsee/targets/master/benchmarks/criterion/async_ws_concurrent_round_trip/56/base/sample.json": No such file or directory (os error 2)
bench:     1379068 ns/iter (+/- 38677)
test async/ws_concurrent_round_trip/112 ... Criterion.rs ERROR: error: Failed to access file "/ci-cache/jsonrpsee/targets/master/benchmarks/criterion/async_ws_concurrent_round_trip/112/base/sample.json": No such file or directory (os error 2)
bench:     2692500 ns/iter (+/- 66357)
test async/ws_concurrent_round_trip/224 ... Criterion.rs ERROR: error: Failed to access file "/ci-cache/jsonrpsee/targets/master/benchmarks/criterion/async_ws_concurrent_round_trip/224/base/sample.json": No such file or directory (os error 2)
bench:     5184228 ns/iter (+/- 169007)

test async/ws_concurrent_connections/2 ... Criterion.rs ERROR: error: Failed to access file "/ci-cache/jsonrpsee/targets/master/benchmarks/criterion/async_ws_concurrent_connections/2/base/sample.json": No such file or directory (os error 2)
bench:      160968 ns/iter (+/- 2853)
test async/ws_concurrent_connections/4 ... Criterion.rs ERROR: error: Failed to access file "/ci-cache/jsonrpsee/targets/master/benchmarks/criterion/async_ws_concurrent_connections/4/base/sample.json": No such file or directory (os error 2)
bench:      201992 ns/iter (+/- 7409)

Warning: Unable to complete 100 samples in 5.0s. You may wish to increase target time to 8.1s, enable flat sampling, or reduce sample count to 50.
test async/ws_concurrent_connections/8 ... Criterion.rs ERROR: error: Failed to access file "/ci-cache/jsonrpsee/targets/master/benchmarks/criterion/async_ws_concurrent_connections/8/base/sample.json": No such file or directory (os error 2)
bench:      316749 ns/iter (+/- 11817)
test async/ws_concurrent_connections/16 ... Criterion.rs ERROR: error: Failed to access file "/ci-cache/jsonrpsee/targets/master/benchmarks/criterion/async_ws_concurrent_connections/16/base/sample.json": No such file or directory (os error 2)
bench:      520147 ns/iter (+/- 18179)
test async/ws_concurrent_connections/32 ... Criterion.rs ERROR: error: Failed to access file "/ci-cache/jsonrpsee/targets/master/benchmarks/criterion/async_ws_concurrent_connections/32/base/sample.json": No such file or directory (os error 2)
bench:     1088700 ns/iter (+/- 42617)
test async/ws_concurrent_connections/64 ... Criterion.rs ERROR: error: Failed to access file "/ci-cache/jsonrpsee/targets/master/benchmarks/criterion/async_ws_concurrent_connections/64/base/sample.json": No such file or directory (os error 2)
bench:     2265895 ns/iter (+/- 54079)

test async/ws_batch_requests/2 ... Criterion.rs ERROR: error: Failed to access file "/ci-cache/jsonrpsee/targets/master/benchmarks/criterion/async_ws_batch_requests/2/base/sample.json": No such file or directory (os error 2)
bench:      117210 ns/iter (+/- 11207)
test async/ws_batch_requests/5 ... Criterion.rs ERROR: error: Failed to access file "/ci-cache/jsonrpsee/targets/master/benchmarks/criterion/async_ws_batch_requests/5/base/sample.json": No such file or directory (os error 2)
bench:      160873 ns/iter (+/- 17506)
test async/ws_batch_requests/10 ... Criterion.rs ERROR: error: Failed to access file "/ci-cache/jsonrpsee/targets/master/benchmarks/criterion/async_ws_batch_requests/10/base/sample.json": No such file or directory (os error 2)
bench:      221536 ns/iter (+/- 10516)
test async/ws_batch_requests/50 ... Criterion.rs ERROR: error: Failed to access file "/ci-cache/jsonrpsee/targets/master/benchmarks/criterion/async_ws_batch_requests/50/base/sample.json": No such file or directory (os error 2)
bench:      694137 ns/iter (+/- 3674)

Warning: Unable to complete 100 samples in 5.0s. You may wish to increase target time to 6.3s, enable flat sampling, or reduce sample count to 60.
test async/ws_batch_requests/100 ... Criterion.rs ERROR: error: Failed to access file "/ci-cache/jsonrpsee/targets/master/benchmarks/criterion/async_ws_batch_requests/100/base/sample.json": No such file or directory (os error 2)
bench:     1245751 ns/iter (+/- 8211)

test subscriptions/subscribe ... Criterion.rs ERROR: error: Failed to access file "/ci-cache/jsonrpsee/targets/master/benchmarks/criterion/subscriptions/subscribe/base/sample.json": No such file or directory (os error 2)
bench:      186967 ns/iter (+/- 7196)
test subscriptions/subscribe_response ... Criterion.rs ERROR: error: Failed to access file "/ci-cache/jsonrpsee/targets/master/benchmarks/criterion/subscriptions/subscribe_response/base/sample.json": No such file or directory (os error 2)
bench:       16542 ns/iter (+/- 3094)
test subscriptions/unsub ... Criterion.rs ERROR: error: Failed to access file "/ci-cache/jsonrpsee/targets/master/benchmarks/criterion/subscriptions/unsub/base/sample.json": No such file or directory (os error 2)
bench:        1617 ns/iter (+/- 388)

